<?xml version="1.0" encoding="UTF-8"?>
<testng-results ignored="0" total="1" passed="1" failed="0" skipped="0">
  <reporter-output>
  </reporter-output>
  <suite started-at="2019-06-29T02:36:02Z" name="Suite1" finished-at="2019-06-29T02:36:11Z" duration-ms="9888">
    <groups>
    </groups>
    <test started-at="2019-06-29T02:36:02Z" name="Nopackage" finished-at="2019-06-29T02:36:11Z" duration-ms="9888">
      <class name="Murthy">
        <test-method is-config="true" signature="initiateBrowser(java.lang.String)[pri:0, instance:Murthy@1d548a08]" started-at="2019-06-29T02:36:02Z" name="initiateBrowser" finished-at="2019-06-29T02:36:06Z" duration-ms="4605" status="PASS">
          <params>
            <param index="0">
              <value>
                <![CDATA[chrome]]>
              </value>
            </param>
          </params>
          <reporter-output>
          </reporter-output>
        </test-method> <!-- initiateBrowser -->
        <test-method signature="testingBrowser()[pri:0, instance:Murthy@1d548a08]" started-at="2019-06-29T02:36:06Z" name="testingBrowser" finished-at="2019-06-29T02:36:10Z" duration-ms="4006" status="PASS">
          <reporter-output>
          </reporter-output>
        </test-method> <!-- testingBrowser -->
        <test-method is-config="true" signature="closeBrowser()[pri:0, instance:Murthy@1d548a08]" started-at="2019-06-29T02:36:10Z" name="closeBrowser" finished-at="2019-06-29T02:36:11Z" duration-ms="1261" status="PASS">
          <reporter-output>
          </reporter-output>
        </test-method> <!-- closeBrowser -->
      </class> <!-- Murthy -->
    </test> <!-- Nopackage -->
  </suite> <!-- Suite1 -->
</testng-results>
